<?xml version='1.0' encoding='UTF-8'?>
<testsuite hostname="ThinkPad-X280" name="CoreModulesTester" tests="1" errors="0" failures="0" skipped="0" time="3.01" timestamp="2025-05-07T21:41:13">
          <properties>
      <property name="java.specification.version" value="24"/><property name="sun.jnu.encoding" value="UTF-8"/><property name="java.class.path" value="/home/abdul-rehman/.cache/sbt/boot/sbt-launch/1.10.11/sbt-launch-1.10.11.jar"/><property name="java.vm.vendor" value="Oracle Corporation"/><property name="sun.arch.data.model" value="64"/><property name="jline.shutdownhook" value="false"/><property name="java.vendor.url" value="https://java.oracle.com/"/><property name="user.timezone" value="Asia/Karachi"/><property name="java.vm.specification.version" value="24"/><property name="os.name" value="Linux"/><property name="sun.java.launcher" value="SUN_STANDARD"/><property name="user.country" value="US"/><property name="sun.boot.library.path" value="/usr/lib/jvm/jdk-24.0.1-oracle-x64/lib"/><property name="sun.java.command" value="/home/abdul-rehman/.cache/sbt/boot/sbt-launch/1.10.11/sbt-launch-1.10.11.jar clean compile test"/><property name="jdk.debug" value="release"/><property name="sun.cpu.endian" value="little"/><property name="user.home" value="/home/abdul-rehman"/><property name="user.language" value="en"/><property name="sbt.script" value="/usr/bin/sbt"/><property name="java.specification.vendor" value="Oracle Corporation"/><property name="sbt.ipcsocket.tmpdir" value="/run/user/1000/.sbt52d55874/ipcsocket"/><property name="swoval.tmpdir" value="/run/user/1000/.sbt52d55874/swoval"/><property name="java.version.date" value="2025-04-15"/><property name="java.home" value="/usr/lib/jvm/jdk-24.0.1-oracle-x64"/><property name="file.separator" value="/"/><property name="java.vm.compressedOopsMode" value="32-bit"/><property name="line.separator" value="
"/><property name="java.vm.specification.vendor" value="Oracle Corporation"/><property name="java.specification.name" value="Java Platform API Specification"/><property name="jline.esc.timeout" value="0"/><property name="sun.management.compiler" value="HotSpot 64-Bit Tiered Compilers"/><property name="java.runtime.version" value="24.0.1+9-30"/><property name="user.name" value="abdul-rehman"/><property name="stdout.encoding" value="UTF-8"/><property name="path.separator" value=":"/><property name="os.version" value="6.11.0-21-generic"/><property name="jna.nosys" value="true"/><property name="java.runtime.name" value="Java(TM) SE Runtime Environment"/><property name="log4j.ignoreTCL" value="true"/><property name="file.encoding" value="UTF-8"/><property name="jnidispatch.path" value="/home/abdul-rehman/.cache/JNA/temp/jna8351538289478551656.tmp"/><property name="java.vm.name" value="Java HotSpot(TM) 64-Bit Server VM"/><property name="jna.platform.library.path" value="/usr/lib/x86_64-linux-gnu:/lib/x86_64-linux-gnu:/usr/lib64:/lib64:/usr/lib:/lib:/usr/lib/x86_64-linux-gnu/libfakeroot"/><property name="jna.loaded" value="true"/><property name="java.vendor.url.bug" value="https://bugreport.java.com/bugreport/"/><property name="java.io.tmpdir" value="/tmp"/><property name="java.version" value="24.0.1"/><property name="user.dir" value="/media/abdul-rehman/EEAA8292AA82574D/3stagervproc"/><property name="os.arch" value="amd64"/><property name="java.vm.specification.name" value="Java Virtual Machine Specification"/><property name="native.encoding" value="UTF-8"/><property name="java.library.path" value="/usr/java/packages/lib:/usr/lib64:/lib64:/lib:/usr/lib"/><property name="java.vm.info" value="mixed mode, sharing"/><property name="stderr.encoding" value="UTF-8"/><property name="java.vendor" value="Oracle Corporation"/><property name="java.vm.version" value="24.0.1+9-30"/><property name="scala.ext.dirs" value="/home/abdul-rehman/.sbt/1.0/java9-rt-ext-oracle_corporation_24_0_1"/><property name="sun.io.unicode.encoding" value="UnicodeLittle"/><property name="java.class.version" value="68.0"/>
    </properties>
          <testcase classname="CoreModulesTester" name="RiscV Core Reset Sequence should generate VCD file" time="3.01">
                      
                    </testcase>
          <system-out><![CDATA[]]></system-out>
          <system-err><![CDATA[]]></system-err>
        </testsuite>